-------------------------------------------------------------------------------
Test set: com.example.demo.controllers.UserControllerTest
-------------------------------------------------------------------------------
Tests run: 7, Failures: 0, Errors: 7, Skipped: 0, Time elapsed: 18.858 s <<< FAILURE! - in com.example.demo.controllers.UserControllerTest
getUserShouldThrowUserNotFound  Time elapsed: 0.002 s  <<< ERROR!
java.lang.IllegalStateException: Failed to load ApplicationContext
Caused by: org.springframework.beans.factory.UnsatisfiedDependencyException: Error creating bean with name 'userController' defined in file [/home/muffman/A.Posch/Programação/study-springboot/shadowing-exercise/target/classes/com/example/demo/controllers/UserController.class]: Unsatisfied dependency expressed through constructor parameter 0; nested exception is org.springframework.beans.factory.BeanCreationException: Error creating bean with name 'userService': Injection of autowired dependencies failed; nested exception is java.lang.IllegalArgumentException: Could not resolve placeholder 'spring.profiles.active' in value "${spring.profiles.active}"
Caused by: org.springframework.beans.factory.BeanCreationException: Error creating bean with name 'userService': Injection of autowired dependencies failed; nested exception is java.lang.IllegalArgumentException: Could not resolve placeholder 'spring.profiles.active' in value "${spring.profiles.active}"
Caused by: java.lang.IllegalArgumentException: Could not resolve placeholder 'spring.profiles.active' in value "${spring.profiles.active}"

addUser  Time elapsed: 0.001 s  <<< ERROR!
java.lang.IllegalStateException: Failed to load ApplicationContext
Caused by: org.springframework.beans.factory.UnsatisfiedDependencyException: Error creating bean with name 'userController' defined in file [/home/muffman/A.Posch/Programação/study-springboot/shadowing-exercise/target/classes/com/example/demo/controllers/UserController.class]: Unsatisfied dependency expressed through constructor parameter 0; nested exception is org.springframework.beans.factory.BeanCreationException: Error creating bean with name 'userService': Injection of autowired dependencies failed; nested exception is java.lang.IllegalArgumentException: Could not resolve placeholder 'spring.profiles.active' in value "${spring.profiles.active}"
Caused by: org.springframework.beans.factory.BeanCreationException: Error creating bean with name 'userService': Injection of autowired dependencies failed; nested exception is java.lang.IllegalArgumentException: Could not resolve placeholder 'spring.profiles.active' in value "${spring.profiles.active}"
Caused by: java.lang.IllegalArgumentException: Could not resolve placeholder 'spring.profiles.active' in value "${spring.profiles.active}"

testGetUserAndCheckIfCacheIsWorking  Time elapsed: 0 s  <<< ERROR!
java.lang.IllegalStateException: Failed to load ApplicationContext
Caused by: org.springframework.beans.factory.UnsatisfiedDependencyException: Error creating bean with name 'userController' defined in file [/home/muffman/A.Posch/Programação/study-springboot/shadowing-exercise/target/classes/com/example/demo/controllers/UserController.class]: Unsatisfied dependency expressed through constructor parameter 0; nested exception is org.springframework.beans.factory.BeanCreationException: Error creating bean with name 'userService': Injection of autowired dependencies failed; nested exception is java.lang.IllegalArgumentException: Could not resolve placeholder 'spring.profiles.active' in value "${spring.profiles.active}"
Caused by: org.springframework.beans.factory.BeanCreationException: Error creating bean with name 'userService': Injection of autowired dependencies failed; nested exception is java.lang.IllegalArgumentException: Could not resolve placeholder 'spring.profiles.active' in value "${spring.profiles.active}"
Caused by: java.lang.IllegalArgumentException: Could not resolve placeholder 'spring.profiles.active' in value "${spring.profiles.active}"

getUserShouldThrowUserNotFoundWhenRepositoryReturnsNull  Time elapsed: 0 s  <<< ERROR!
java.lang.IllegalStateException: Failed to load ApplicationContext
Caused by: org.springframework.beans.factory.UnsatisfiedDependencyException: Error creating bean with name 'userController' defined in file [/home/muffman/A.Posch/Programação/study-springboot/shadowing-exercise/target/classes/com/example/demo/controllers/UserController.class]: Unsatisfied dependency expressed through constructor parameter 0; nested exception is org.springframework.beans.factory.BeanCreationException: Error creating bean with name 'userService': Injection of autowired dependencies failed; nested exception is java.lang.IllegalArgumentException: Could not resolve placeholder 'spring.profiles.active' in value "${spring.profiles.active}"
Caused by: org.springframework.beans.factory.BeanCreationException: Error creating bean with name 'userService': Injection of autowired dependencies failed; nested exception is java.lang.IllegalArgumentException: Could not resolve placeholder 'spring.profiles.active' in value "${spring.profiles.active}"
Caused by: java.lang.IllegalArgumentException: Could not resolve placeholder 'spring.profiles.active' in value "${spring.profiles.active}"

updateUser  Time elapsed: 0 s  <<< ERROR!
java.lang.IllegalStateException: Failed to load ApplicationContext
Caused by: org.springframework.beans.factory.UnsatisfiedDependencyException: Error creating bean with name 'userController' defined in file [/home/muffman/A.Posch/Programação/study-springboot/shadowing-exercise/target/classes/com/example/demo/controllers/UserController.class]: Unsatisfied dependency expressed through constructor parameter 0; nested exception is org.springframework.beans.factory.BeanCreationException: Error creating bean with name 'userService': Injection of autowired dependencies failed; nested exception is java.lang.IllegalArgumentException: Could not resolve placeholder 'spring.profiles.active' in value "${spring.profiles.active}"
Caused by: org.springframework.beans.factory.BeanCreationException: Error creating bean with name 'userService': Injection of autowired dependencies failed; nested exception is java.lang.IllegalArgumentException: Could not resolve placeholder 'spring.profiles.active' in value "${spring.profiles.active}"
Caused by: java.lang.IllegalArgumentException: Could not resolve placeholder 'spring.profiles.active' in value "${spring.profiles.active}"

getUser  Time elapsed: 0.001 s  <<< ERROR!
java.lang.IllegalStateException: Failed to load ApplicationContext
Caused by: org.springframework.beans.factory.UnsatisfiedDependencyException: Error creating bean with name 'userController' defined in file [/home/muffman/A.Posch/Programação/study-springboot/shadowing-exercise/target/classes/com/example/demo/controllers/UserController.class]: Unsatisfied dependency expressed through constructor parameter 0; nested exception is org.springframework.beans.factory.BeanCreationException: Error creating bean with name 'userService': Injection of autowired dependencies failed; nested exception is java.lang.IllegalArgumentException: Could not resolve placeholder 'spring.profiles.active' in value "${spring.profiles.active}"
Caused by: org.springframework.beans.factory.BeanCreationException: Error creating bean with name 'userService': Injection of autowired dependencies failed; nested exception is java.lang.IllegalArgumentException: Could not resolve placeholder 'spring.profiles.active' in value "${spring.profiles.active}"
Caused by: java.lang.IllegalArgumentException: Could not resolve placeholder 'spring.profiles.active' in value "${spring.profiles.active}"

findAllUsers  Time elapsed: 0 s  <<< ERROR!
java.lang.IllegalStateException: Failed to load ApplicationContext
Caused by: org.springframework.beans.factory.UnsatisfiedDependencyException: Error creating bean with name 'userController' defined in file [/home/muffman/A.Posch/Programação/study-springboot/shadowing-exercise/target/classes/com/example/demo/controllers/UserController.class]: Unsatisfied dependency expressed through constructor parameter 0; nested exception is org.springframework.beans.factory.BeanCreationException: Error creating bean with name 'userService': Injection of autowired dependencies failed; nested exception is java.lang.IllegalArgumentException: Could not resolve placeholder 'spring.profiles.active' in value "${spring.profiles.active}"
Caused by: org.springframework.beans.factory.BeanCreationException: Error creating bean with name 'userService': Injection of autowired dependencies failed; nested exception is java.lang.IllegalArgumentException: Could not resolve placeholder 'spring.profiles.active' in value "${spring.profiles.active}"
Caused by: java.lang.IllegalArgumentException: Could not resolve placeholder 'spring.profiles.active' in value "${spring.profiles.active}"

